# JRE version: OpenJDK Runtime Environment (11.0.15) (build 11.0.15+0-b2043.56-9505619)
# Java VM: OpenJDK 64-Bit Server VM (11.0.15+0-b2043.56-9505619, mixed mode, tiered, compressed oops, g1 gc, windows-amd64)
Heap:
 garbage-first heap   total 374784K, used 315266K [0x0000000080000000, 0x0000000100000000)
  region size 1024K, 55 young (56320K), 8 survivors (8192K)
 Metaspace       used 170053K, capacity 176258K, committed 176412K, reserved 1202176K
  class space    used 22056K, capacity 24464K, committed 24472K, reserved 1048576K
GC Heap History (20 events):
Event: 162.644 GC heap before
{Heap before GC invocations=59 (full 0):
 garbage-first heap   total 312320K, used 262013K [0x0000000080000000, 0x0000000100000000)
  region size 1024K, 37 young (37888K), 3 survivors (3072K)
 Metaspace       used 144881K, capacity 148700K, committed 148892K, reserved 1179648K
  class space    used 18320K, capacity 19683K, committed 19736K, reserved 1048576K
}
Event: 162.651 GC heap after
{Heap after GC invocations=60 (full 0):
 garbage-first heap   total 374784K, used 231873K [0x0000000080000000, 0x0000000100000000)
  region size 1024K, 5 young (5120K), 5 survivors (5120K)
 Metaspace       used 144881K, capacity 148700K, committed 148892K, reserved 1179648K
  class space    used 18320K, capacity 19683K, committed 19736K, reserved 1048576K
}
Event: 162.987 GC heap before
{Heap before GC invocations=60 (full 0):
 garbage-first heap   total 374784K, used 300481K [0x0000000080000000, 0x0000000100000000)
  region size 1024K, 72 young (73728K), 5 survivors (5120K)
 Metaspace       used 148380K, capacity 152334K, committed 152732K, reserved 1181696K
  class space    used 18711K, capacity 20105K, committed 20248K, reserved 1048576K
}
Event: 162.994 GC heap after
{Heap after GC invocations=61 (full 0):
 garbage-first heap   total 374784K, used 234291K [0x0000000080000000, 0x0000000100000000)
  region size 1024K, 6 young (6144K), 6 survivors (6144K)
 Metaspace       used 148380K, capacity 152334K, committed 152732K, reserved 1181696K
  class space    used 18711K, capacity 20105K, committed 20248K, reserved 1048576K
}
Event: 192.387 GC heap before
{Heap before GC invocations=62 (full 0):
 garbage-first heap   total 374784K, used 302899K [0x0000000080000000, 0x0000000100000000)
  region size 1024K, 74 young (75776K), 6 survivors (6144K)
 Metaspace       used 151466K, capacity 155440K, committed 155548K, reserved 1183744K
  class space    used 18971K, capacity 20416K, committed 20504K, reserved 1048576K
}
Event: 192.398 GC heap after
{Heap after GC invocations=63 (full 0):
 garbage-first heap   total 374784K, used 240946K [0x0000000080000000, 0x0000000100000000)
  region size 1024K, 10 young (10240K), 10 survivors (10240K)
 Metaspace       used 151466K, capacity 155440K, committed 155548K, reserved 1183744K
  class space    used 18971K, capacity 20416K, committed 20504K, reserved 1048576K
}
Event: 192.799 GC heap before
{Heap before GC invocations=63 (full 0):
 garbage-first heap   total 374784K, used 307506K [0x0000000080000000, 0x0000000100000000)
  region size 1024K, 76 young (77824K), 10 survivors (10240K)
 Metaspace       used 151800K, capacity 155782K, committed 156060K, reserved 1185792K
  class space    used 18992K, capacity 20429K, committed 20504K, reserved 1048576K
}
Event: 192.819 GC heap after
{Heap after GC invocations=64 (full 0):
 garbage-first heap   total 374784K, used 249460K [0x0000000080000000, 0x0000000100000000)
  region size 1024K, 9 young (9216K), 9 survivors (9216K)
 Metaspace       used 151800K, capacity 155782K, committed 156060K, reserved 1185792K
  class space    used 18992K, capacity 20429K, committed 20504K, reserved 1048576K
}
Event: 193.744 GC heap before
{Heap before GC invocations=65 (full 0):
 garbage-first heap   total 374784K, used 310900K [0x0000000080000000, 0x0000000100000000)
  region size 1024K, 70 young (71680K), 9 survivors (9216K)
 Metaspace       used 153324K, capacity 157360K, committed 157596K, reserved 1185792K
  class space    used 19196K, capacity 20650K, committed 20760K, reserved 1048576K
}
Event: 193.752 GC heap after
{Heap after GC invocations=66 (full 0):
 garbage-first heap   total 374784K, used 252702K [0x0000000080000000, 0x0000000100000000)
  region size 1024K, 3 young (3072K), 3 survivors (3072K)
 Metaspace       used 153324K, capacity 157360K, committed 157596K, reserved 1185792K
  class space    used 19196K, capacity 20650K, committed 20760K, reserved 1048576K
}
Event: 240.409 GC heap before
{Heap before GC invocations=66 (full 0):
 garbage-first heap   total 374784K, used 267038K [0x0000000080000000, 0x0000000100000000)
  region size 1024K, 18 young (18432K), 3 survivors (3072K)
 Metaspace       used 153419K, capacity 157529K, committed 157852K, reserved 1185792K
  class space    used 19200K, capacity 20658K, committed 20760K, reserved 1048576K
}
Event: 240.416 GC heap after
{Heap after GC invocations=67 (full 0):
 garbage-first heap   total 374784K, used 250679K [0x0000000080000000, 0x0000000100000000)
  region size 1024K, 2 young (2048K), 2 survivors (2048K)
 Metaspace       used 153419K, capacity 157529K, committed 157852K, reserved 1185792K
  class space    used 19200K, capacity 20658K, committed 20760K, reserved 1048576K
}
Event: 252.801 GC heap before
{Heap before GC invocations=67 (full 0):
 garbage-first heap   total 374784K, used 314167K [0x0000000080000000, 0x0000000100000000)
  region size 1024K, 65 young (66560K), 2 survivors (2048K)
 Metaspace       used 154440K, capacity 158782K, committed 159004K, reserved 1187840K
  class space    used 19317K, capacity 20856K, committed 20888K, reserved 1048576K
}
Event: 252.822 GC heap after
{Heap after GC invocations=68 (full 0):
 garbage-first heap   total 374784K, used 257127K [0x0000000080000000, 0x0000000100000000)
  region size 1024K, 9 young (9216K), 9 survivors (9216K)
 Metaspace       used 154440K, capacity 158782K, committed 159004K, reserved 1187840K
  class space    used 19317K, capacity 20856K, committed 20888K, reserved 1048576K
}
Event: 253.684 GC heap before
{Heap before GC invocations=69 (full 0):
 garbage-first heap   total 374784K, used 317543K [0x0000000080000000, 0x0000000100000000)
  region size 1024K, 67 young (68608K), 9 survivors (9216K)
 Metaspace       used 155983K, capacity 160413K, committed 160540K, reserved 1189888K
  class space    used 19522K, capacity 21072K, committed 21144K, reserved 1048576K
}
Event: 253.696 GC heap after
{Heap after GC invocations=70 (full 0):
 garbage-first heap   total 374784K, used 261994K [0x0000000080000000, 0x0000000100000000)
  region size 1024K, 6 young (6144K), 6 survivors (6144K)
 Metaspace       used 155983K, capacity 160413K, committed 160540K, reserved 1189888K
  class space    used 19522K, capacity 21072K, committed 21144K, reserved 1048576K
}
Event: 253.778 GC heap before
{Heap before GC invocations=70 (full 0):
 garbage-first heap   total 374784K, used 273258K [0x0000000080000000, 0x0000000100000000)
  region size 1024K, 18 young (18432K), 6 survivors (6144K)
 Metaspace       used 156916K, capacity 161426K, committed 161692K, reserved 1189888K
  class space    used 19655K, capacity 21238K, committed 21272K, reserved 1048576K
}
Event: 253.787 GC heap after
{Heap after GC invocations=71 (full 0):
 garbage-first heap   total 374784K, used 261169K [0x0000000080000000, 0x0000000100000000)
  region size 1024K, 2 young (2048K), 2 survivors (2048K)
 Metaspace       used 156916K, capacity 161426K, committed 161692K, reserved 1189888K
  class space    used 19655K, capacity 21238K, committed 21272K, reserved 1048576K
}
Event: 254.489 GC heap before
{Heap before GC invocations=71 (full 0):
 garbage-first heap   total 374784K, used 317489K [0x0000000080000000, 0x0000000100000000)
  region size 1024K, 58 young (59392K), 2 survivors (2048K)
 Metaspace       used 165770K, capacity 171490K, committed 171676K, reserved 1198080K
  class space    used 21282K, capacity 23489K, committed 23576K, reserved 1048576K
}
Event: 254.510 GC heap after
{Heap after GC invocations=72 (full 0):
 garbage-first heap   total 374784K, used 269186K [0x0000000080000000, 0x0000000100000000)
  region size 1024K, 8 young (8192K), 8 survivors (8192K)
 Metaspace       used 165770K, capacity 171490K, committed 171676K, reserved 1198080K
  class space    used 21282K, capacity 23489K, committed 23576K, reserved 1048576K
}

