# JRE version: OpenJDK Runtime Environment (11.0.15) (build 11.0.15+0-b2043.56-9505619)
# Java VM: OpenJDK 64-Bit Server VM (11.0.15+0-b2043.56-9505619, mixed mode, tiered, compressed oops, g1 gc, windows-amd64)
Heap:
 garbage-first heap   total 260096K, used 175825K [0x0000000080000000, 0x0000000100000000)
  region size 1024K, 102 young (104448K), 15 survivors (15360K)
 Metaspace       used 91727K, capacity 94341K, committed 94492K, reserved 1130496K
  class space    used 11853K, capacity 12879K, committed 12952K, reserved 1048576K
GC Heap History (20 events):
Event: 2.849 GC heap before
{Heap before GC invocations=3 (full 0):
 garbage-first heap   total 260096K, used 46014K [0x0000000080000000, 0x0000000100000000)
  region size 1024K, 39 young (39936K), 11 survivors (11264K)
 Metaspace       used 23775K, capacity 24294K, committed 24444K, reserved 1071104K
  class space    used 3003K, capacity 3195K, committed 3276K, reserved 1048576K
}
Event: 2.856 GC heap after
{Heap after GC invocations=4 (full 0):
 garbage-first heap   total 260096K, used 18033K [0x0000000080000000, 0x0000000100000000)
  region size 1024K, 2 young (2048K), 2 survivors (2048K)
 Metaspace       used 23775K, capacity 24294K, committed 24444K, reserved 1071104K
  class space    used 3003K, capacity 3195K, committed 3276K, reserved 1048576K
}
Event: 3.759 GC heap before
{Heap before GC invocations=4 (full 0):
 garbage-first heap   total 260096K, used 94833K [0x0000000080000000, 0x0000000100000000)
  region size 1024K, 77 young (78848K), 2 survivors (2048K)
 Metaspace       used 31472K, capacity 32190K, committed 32380K, reserved 1077248K
  class space    used 4205K, capacity 4495K, committed 4556K, reserved 1048576K
}
Event: 3.763 GC heap after
{Heap after GC invocations=5 (full 0):
 garbage-first heap   total 260096K, used 20053K [0x0000000080000000, 0x0000000100000000)
  region size 1024K, 4 young (4096K), 4 survivors (4096K)
 Metaspace       used 31472K, capacity 32190K, committed 32380K, reserved 1077248K
  class space    used 4205K, capacity 4495K, committed 4556K, reserved 1048576K
}
Event: 4.068 GC heap before
{Heap before GC invocations=5 (full 0):
 garbage-first heap   total 260096K, used 36437K [0x0000000080000000, 0x0000000100000000)
  region size 1024K, 21 young (21504K), 4 survivors (4096K)
 Metaspace       used 35092K, capacity 35954K, committed 36048K, reserved 1081344K
  class space    used 4572K, capacity 4921K, committed 4940K, reserved 1048576K
}
Event: 4.077 GC heap after
{Heap after GC invocations=6 (full 0):
 garbage-first heap   total 260096K, used 22081K [0x0000000080000000, 0x0000000100000000)
  region size 1024K, 6 young (6144K), 6 survivors (6144K)
 Metaspace       used 35092K, capacity 35954K, committed 36048K, reserved 1081344K
  class space    used 4572K, capacity 4921K, committed 4940K, reserved 1048576K
}
Event: 5.429 GC heap before
{Heap before GC invocations=7 (full 0):
 garbage-first heap   total 260096K, used 137793K [0x0000000080000000, 0x0000000100000000)
  region size 1024K, 116 young (118784K), 6 survivors (6144K)
 Metaspace       used 45399K, capacity 46462K, committed 46620K, reserved 1089536K
  class space    used 5760K, capacity 6187K, committed 6296K, reserved 1048576K
}
Event: 5.448 GC heap after
{Heap after GC invocations=8 (full 0):
 garbage-first heap   total 260096K, used 30215K [0x0000000080000000, 0x0000000100000000)
  region size 1024K, 14 young (14336K), 14 survivors (14336K)
 Metaspace       used 45399K, capacity 46462K, committed 46620K, reserved 1089536K
  class space    used 5760K, capacity 6187K, committed 6296K, reserved 1048576K
}
Event: 6.734 GC heap before
{Heap before GC invocations=9 (full 0):
 garbage-first heap   total 260096K, used 157191K [0x0000000080000000, 0x0000000100000000)
  region size 1024K, 132 young (135168K), 14 survivors (14336K)
 Metaspace       used 51718K, capacity 53039K, committed 53148K, reserved 1095680K
  class space    used 6582K, capacity 7128K, committed 7192K, reserved 1048576K
}
Event: 6.750 GC heap after
{Heap after GC invocations=10 (full 0):
 garbage-first heap   total 260096K, used 46937K [0x0000000080000000, 0x0000000100000000)
  region size 1024K, 17 young (17408K), 17 survivors (17408K)
 Metaspace       used 51718K, capacity 53039K, committed 53148K, reserved 1095680K
  class space    used 6582K, capacity 7128K, committed 7192K, reserved 1048576K
}
Event: 8.405 GC heap before
{Heap before GC invocations=10 (full 0):
 garbage-first heap   total 260096K, used 180057K [0x0000000080000000, 0x0000000100000000)
  region size 1024K, 140 young (143360K), 17 survivors (17408K)
 Metaspace       used 65492K, capacity 67144K, committed 67228K, reserved 1107968K
  class space    used 8277K, capacity 8936K, committed 8984K, reserved 1048576K
}
Event: 8.423 GC heap after
{Heap after GC invocations=11 (full 0):
 garbage-first heap   total 260096K, used 56748K [0x0000000080000000, 0x0000000100000000)
  region size 1024K, 9 young (9216K), 9 survivors (9216K)
 Metaspace       used 65492K, capacity 67144K, committed 67228K, reserved 1107968K
  class space    used 8277K, capacity 8936K, committed 8984K, reserved 1048576K
}
Event: 9.823 GC heap before
{Heap before GC invocations=11 (full 0):
 garbage-first heap   total 260096K, used 181676K [0x0000000080000000, 0x0000000100000000)
  region size 1024K, 131 young (134144K), 9 survivors (9216K)
 Metaspace       used 74535K, capacity 76248K, committed 76572K, reserved 1116160K
  class space    used 9611K, capacity 10315K, committed 10392K, reserved 1048576K
}
Event: 9.834 GC heap after
{Heap after GC invocations=12 (full 0):
 garbage-first heap   total 260096K, used 63180K [0x0000000080000000, 0x0000000100000000)
  region size 1024K, 16 young (16384K), 16 survivors (16384K)
 Metaspace       used 74535K, capacity 76248K, committed 76572K, reserved 1116160K
  class space    used 9611K, capacity 10315K, committed 10392K, reserved 1048576K
}
Event: 10.105 GC heap before
{Heap before GC invocations=12 (full 0):
 garbage-first heap   total 260096K, used 81612K [0x0000000080000000, 0x0000000100000000)
  region size 1024K, 35 young (35840K), 16 survivors (16384K)
 Metaspace       used 76152K, capacity 77966K, committed 78108K, reserved 1116160K
  class space    used 9814K, capacity 10518K, committed 10648K, reserved 1048576K
}
Event: 10.128 GC heap after
{Heap after GC invocations=13 (full 0):
 garbage-first heap   total 260096K, used 65447K [0x0000000080000000, 0x0000000100000000)
  region size 1024K, 10 young (10240K), 10 survivors (10240K)
 Metaspace       used 76152K, capacity 77966K, committed 78108K, reserved 1116160K
  class space    used 9814K, capacity 10518K, committed 10648K, reserved 1048576K
}
Event: 11.661 GC heap before
{Heap before GC invocations=14 (full 0):
 garbage-first heap   total 260096K, used 191399K [0x0000000080000000, 0x0000000100000000)
  region size 1024K, 133 young (136192K), 10 survivors (10240K)
 Metaspace       used 85467K, capacity 87595K, committed 87836K, reserved 1126400K
  class space    used 11084K, capacity 11872K, committed 11928K, reserved 1048576K
}
Event: 11.675 GC heap after
{Heap after GC invocations=15 (full 0):
 garbage-first heap   total 260096K, used 74046K [0x0000000080000000, 0x0000000100000000)
  region size 1024K, 17 young (17408K), 17 survivors (17408K)
 Metaspace       used 85467K, capacity 87595K, committed 87836K, reserved 1126400K
  class space    used 11084K, capacity 11872K, committed 11928K, reserved 1048576K
}
Event: 12.790 GC heap before
{Heap before GC invocations=15 (full 0):
 garbage-first heap   total 260096K, used 196926K [0x0000000080000000, 0x0000000100000000)
  region size 1024K, 138 young (141312K), 17 survivors (17408K)
 Metaspace       used 89835K, capacity 92306K, committed 92444K, reserved 1128448K
  class space    used 11647K, capacity 12575K, committed 12696K, reserved 1048576K
}
Event: 12.815 GC heap after
{Heap after GC invocations=16 (full 0):
 garbage-first heap   total 260096K, used 88785K [0x0000000080000000, 0x0000000100000000)
  region size 1024K, 15 young (15360K), 15 survivors (15360K)
 Metaspace       used 89835K, capacity 92306K, committed 92444K, reserved 1128448K
  class space    used 11647K, capacity 12575K, committed 12696K, reserved 1048576K
}

