# JRE version: OpenJDK Runtime Environment (11.0.15) (build 11.0.15+0-b2043.56-9505619)
# Java VM: OpenJDK 64-Bit Server VM (11.0.15+0-b2043.56-9505619, mixed mode, tiered, compressed oops, g1 gc, windows-amd64)
Heap:
 garbage-first heap   total 312320K, used 20992K [0x0000000703a00000, 0x0000000800000000)
  region size 1024K, 2 young (2048K), 2 survivors (2048K)
 Metaspace       used 35392K, capacity 35765K, committed 35888K, reserved 1081344K
  class space    used 4361K, capacity 4535K, committed 4656K, reserved 1048576K
GC Heap History (9 events):
Event: 0.658 GC heap before
{Heap before GC invocations=0 (full 0):
 garbage-first heap   total 260096K, used 27648K [0x0000000703a00000, 0x0000000800000000)
  region size 1024K, 24 young (24576K), 0 survivors (0K)
 Metaspace       used 12531K, capacity 12631K, committed 12800K, reserved 1060864K
  class space    used 1130K, capacity 1184K, committed 1280K, reserved 1048576K
}
Event: 0.662 GC heap after
{Heap after GC invocations=1 (full 0):
 garbage-first heap   total 260096K, used 6392K [0x0000000703a00000, 0x0000000800000000)
  region size 1024K, 3 young (3072K), 3 survivors (3072K)
 Metaspace       used 12531K, capacity 12631K, committed 12800K, reserved 1060864K
  class space    used 1130K, capacity 1184K, committed 1280K, reserved 1048576K
}
Event: 1.316 GC heap before
{Heap before GC invocations=1 (full 0):
 garbage-first heap   total 260096K, used 43256K [0x0000000703a00000, 0x0000000800000000)
  region size 1024K, 40 young (40960K), 3 survivors (3072K)
 Metaspace       used 21029K, capacity 21205K, committed 21296K, reserved 1069056K
  class space    used 2215K, capacity 2307K, committed 2352K, reserved 1048576K
}
Event: 1.327 GC heap after
{Heap after GC invocations=2 (full 0):
 garbage-first heap   total 260096K, used 9912K [0x0000000703a00000, 0x0000000800000000)
  region size 1024K, 7 young (7168K), 7 survivors (7168K)
 Metaspace       used 21029K, capacity 21205K, committed 21296K, reserved 1069056K
  class space    used 2215K, capacity 2307K, committed 2352K, reserved 1048576K
}
Event: 2.232 GC heap before
{Heap before GC invocations=3 (full 0):
 garbage-first heap   total 260096K, used 65208K [0x0000000703a00000, 0x0000000800000000)
  region size 1024K, 56 young (57344K), 7 survivors (7168K)
 Metaspace       used 32538K, capacity 32970K, committed 33200K, reserved 1079296K
  class space    used 4057K, capacity 4243K, committed 4272K, reserved 1048576K
}
Event: 2.243 GC heap after
{Heap after GC invocations=4 (full 0):
 garbage-first heap   total 260096K, used 20792K [0x0000000703a00000, 0x0000000800000000)
  region size 1024K, 7 young (7168K), 7 survivors (7168K)
 Metaspace       used 32538K, capacity 32970K, committed 33200K, reserved 1079296K
  class space    used 4057K, capacity 4243K, committed 4272K, reserved 1048576K
}
Event: 2.336 GC heap before
{Heap before GC invocations=4 (full 0):
 garbage-first heap   total 260096K, used 25912K [0x0000000703a00000, 0x0000000800000000)
  region size 1024K, 12 young (12288K), 7 survivors (7168K)
 Metaspace       used 34084K, capacity 34538K, committed 34736K, reserved 1079296K
  class space    used 4215K, capacity 4403K, committed 4528K, reserved 1048576K
}
Event: 2.343 GC heap after
{Heap after GC invocations=5 (full 0):
 garbage-first heap   total 260096K, used 22310K [0x0000000703a00000, 0x0000000800000000)
  region size 1024K, 2 young (2048K), 2 survivors (2048K)
 Metaspace       used 34084K, capacity 34538K, committed 34736K, reserved 1079296K
  class space    used 4215K, capacity 4403K, committed 4528K, reserved 1048576K
}
Event: 2.526 GC heap before
{Heap before GC invocations=5 (full 0):
 garbage-first heap   total 260096K, used 31526K [0x0000000703a00000, 0x0000000800000000)
  region size 1024K, 12 young (12288K), 2 survivors (2048K)
 Metaspace       used 35392K, capacity 35765K, committed 35888K, reserved 1081344K
  class space    used 4361K, capacity 4535K, committed 4656K, reserved 1048576K
}

