# JRE version: OpenJDK Runtime Environment (11.0.15) (build 11.0.15+0-b2043.56-9505619)
# Java VM: OpenJDK 64-Bit Server VM (11.0.15+0-b2043.56-9505619, mixed mode, tiered, compressed oops, g1 gc, windows-amd64)
Heap:
 garbage-first heap   total 444416K, used 294072K [0x0000000080000000, 0x0000000100000000)
  region size 1024K, 4 young (4096K), 4 survivors (4096K)
 Metaspace       used 135957K, capacity 139885K, committed 140112K, reserved 1171456K
  class space    used 16855K, capacity 18253K, committed 18380K, reserved 1048576K
GC Heap History (20 events):
Event: 47.297 GC heap after
{Heap after GC invocations=68 (full 0):
 garbage-first heap   total 312320K, used 250991K [0x0000000080000000, 0x0000000100000000)
  region size 1024K, 3 young (3072K), 3 survivors (3072K)
 Metaspace       used 128301K, capacity 131974K, committed 132176K, reserved 1165312K
  class space    used 15950K, capacity 17278K, committed 17356K, reserved 1048576K
}
Event: 47.381 GC heap before
{Heap before GC invocations=68 (full 0):
 garbage-first heap   total 312320K, used 269423K [0x0000000080000000, 0x0000000100000000)
  region size 1024K, 22 young (22528K), 3 survivors (3072K)
 Metaspace       used 128770K, capacity 132398K, committed 132688K, reserved 1165312K
  class space    used 15987K, capacity 17310K, committed 17356K, reserved 1048576K
}
Event: 47.385 GC heap after
{Heap after GC invocations=69 (full 0):
 garbage-first heap   total 312320K, used 251615K [0x0000000080000000, 0x0000000100000000)
  region size 1024K, 2 young (2048K), 2 survivors (2048K)
 Metaspace       used 128770K, capacity 132398K, committed 132688K, reserved 1165312K
  class space    used 15987K, capacity 17310K, committed 17356K, reserved 1048576K
}
Event: 47.455 GC heap before
{Heap before GC invocations=69 (full 0):
 garbage-first heap   total 312320K, used 270047K [0x0000000080000000, 0x0000000100000000)
  region size 1024K, 21 young (21504K), 2 survivors (2048K)
 Metaspace       used 129194K, capacity 132820K, committed 132944K, reserved 1165312K
  class space    used 16026K, capacity 17343K, committed 17356K, reserved 1048576K
}
Event: 47.459 GC heap after
{Heap after GC invocations=70 (full 0):
 garbage-first heap   total 312320K, used 253376K [0x0000000080000000, 0x0000000100000000)
  region size 1024K, 3 young (3072K), 3 survivors (3072K)
 Metaspace       used 129194K, capacity 132820K, committed 132944K, reserved 1165312K
  class space    used 16026K, capacity 17343K, committed 17356K, reserved 1048576K
}
Event: 47.513 GC heap before
{Heap before GC invocations=70 (full 0):
 garbage-first heap   total 312320K, used 270784K [0x0000000080000000, 0x0000000100000000)
  region size 1024K, 21 young (21504K), 3 survivors (3072K)
 Metaspace       used 129624K, capacity 133209K, committed 133328K, reserved 1165312K
  class space    used 16067K, capacity 17409K, committed 17484K, reserved 1048576K
}
Event: 47.518 GC heap after
{Heap after GC invocations=71 (full 0):
 garbage-first heap   total 312320K, used 257237K [0x0000000080000000, 0x0000000100000000)
  region size 1024K, 3 young (3072K), 3 survivors (3072K)
 Metaspace       used 129624K, capacity 133209K, committed 133328K, reserved 1165312K
  class space    used 16067K, capacity 17409K, committed 17484K, reserved 1048576K
}
Event: 47.613 GC heap before
{Heap before GC invocations=71 (full 0):
 garbage-first heap   total 312320K, used 271573K [0x0000000080000000, 0x0000000100000000)
  region size 1024K, 18 young (18432K), 3 survivors (3072K)
 Metaspace       used 130189K, capacity 133772K, committed 133968K, reserved 1165312K
  class space    used 16159K, capacity 17490K, committed 17612K, reserved 1048576K
}
Event: 47.618 GC heap after
{Heap after GC invocations=72 (full 0):
 garbage-first heap   total 312320K, used 259442K [0x0000000080000000, 0x0000000100000000)
  region size 1024K, 3 young (3072K), 3 survivors (3072K)
 Metaspace       used 130189K, capacity 133772K, committed 133968K, reserved 1165312K
  class space    used 16159K, capacity 17490K, committed 17612K, reserved 1048576K
}
Event: 47.760 GC heap before
{Heap before GC invocations=72 (full 0):
 garbage-first heap   total 312320K, used 279922K [0x0000000080000000, 0x0000000100000000)
  region size 1024K, 16 young (16384K), 3 survivors (3072K)
 Metaspace       used 130504K, capacity 134152K, committed 134480K, reserved 1167360K
  class space    used 16192K, capacity 17529K, committed 17612K, reserved 1048576K
}
Event: 47.766 GC heap after
{Heap after GC invocations=73 (full 0):
 garbage-first heap   total 374784K, used 259631K [0x0000000080000000, 0x0000000100000000)
  region size 1024K, 1 young (1024K), 1 survivors (1024K)
 Metaspace       used 130504K, capacity 134152K, committed 134480K, reserved 1167360K
  class space    used 16192K, capacity 17529K, committed 17612K, reserved 1048576K
}
Event: 48.433 GC heap before
{Heap before GC invocations=73 (full 0):
 garbage-first heap   total 374784K, used 294447K [0x0000000080000000, 0x0000000100000000)
  region size 1024K, 36 young (36864K), 1 survivors (1024K)
 Metaspace       used 131288K, capacity 134947K, committed 135120K, reserved 1167360K
  class space    used 16262K, capacity 17617K, committed 17740K, reserved 1048576K
}
Event: 48.437 GC heap after
{Heap after GC invocations=74 (full 0):
 garbage-first heap   total 374784K, used 262058K [0x0000000080000000, 0x0000000100000000)
  region size 1024K, 3 young (3072K), 3 survivors (3072K)
 Metaspace       used 131288K, capacity 134947K, committed 135120K, reserved 1167360K
  class space    used 16262K, capacity 17617K, committed 17740K, reserved 1048576K
}
Event: 48.779 GC heap before
{Heap before GC invocations=74 (full 0):
 garbage-first heap   total 374784K, used 298922K [0x0000000080000000, 0x0000000100000000)
  region size 1024K, 40 young (40960K), 3 survivors (3072K)
 Metaspace       used 131829K, capacity 135466K, committed 135632K, reserved 1167360K
  class space    used 16300K, capacity 17635K, committed 17740K, reserved 1048576K
}
Event: 48.785 GC heap after
{Heap after GC invocations=75 (full 0):
 garbage-first heap   total 374784K, used 265222K [0x0000000080000000, 0x0000000100000000)
  region size 1024K, 4 young (4096K), 4 survivors (4096K)
 Metaspace       used 131829K, capacity 135466K, committed 135632K, reserved 1167360K
  class space    used 16300K, capacity 17635K, committed 17740K, reserved 1048576K
}
Event: 49.023 GC heap before
{Heap before GC invocations=75 (full 0):
 garbage-first heap   total 374784K, used 303110K [0x0000000080000000, 0x0000000100000000)
  region size 1024K, 42 young (43008K), 4 survivors (4096K)
 Metaspace       used 132336K, capacity 136120K, committed 136400K, reserved 1167360K
  class space    used 16354K, capacity 17714K, committed 17740K, reserved 1048576K
}
Event: 49.029 GC heap after
{Heap after GC invocations=76 (full 0):
 garbage-first heap   total 374784K, used 266574K [0x0000000080000000, 0x0000000100000000)
  region size 1024K, 5 young (5120K), 5 survivors (5120K)
 Metaspace       used 132336K, capacity 136120K, committed 136400K, reserved 1167360K
  class space    used 16354K, capacity 17714K, committed 17740K, reserved 1048576K
}
Event: 50.712 GC heap before
{Heap before GC invocations=76 (full 0):
 garbage-first heap   total 374784K, used 331086K [0x0000000080000000, 0x0000000100000000)
  region size 1024K, 37 young (37888K), 5 survivors (5120K)
 Metaspace       used 135668K, capacity 139632K, committed 139728K, reserved 1171456K
  class space    used 16818K, capacity 18231K, committed 18252K, reserved 1048576K
}
Event: 50.730 GC heap after
{Heap after GC invocations=77 (full 0):
 garbage-first heap   total 374784K, used 295743K [0x0000000080000000, 0x0000000100000000)
  region size 1024K, 6 young (6144K), 6 survivors (6144K)
 Metaspace       used 135668K, capacity 139632K, committed 139728K, reserved 1171456K
  class space    used 16818K, capacity 18231K, committed 18252K, reserved 1048576K
}
Event: 50.980 GC heap before
{Heap before GC invocations=77 (full 0):
 garbage-first heap   total 374784K, used 315199K [0x0000000080000000, 0x0000000100000000)
  region size 1024K, 31 young (31744K), 6 survivors (6144K)
 Metaspace       used 135957K, capacity 139885K, committed 140112K, reserved 1171456K
  class space    used 16855K, capacity 18253K, committed 18380K, reserved 1048576K
}

